<?xml version="1.0" encoding="UTF-8"?>
<!-- Generated by org.testng.reporters.JUnitReportReporter -->
<testsuite hostname="DESKTOP-F4S860D" failures="0" tests="1" name="colourmoon.visnob.login" time="5.666" errors="0" timestamp="2022-06-14T18:28:34 IST" skipped="0">
  <testcase classname="colourmoon.visnob.login" name="signin" time="5.666"/>
  <system-out/>
</testsuite> <!-- colourmoon.visnob.login -->
